# JRE version: OpenJDK Runtime Environment (17.0.6) (build 17.0.6+0-b2043.56-10027231)
# Java VM: OpenJDK 64-Bit Server VM (17.0.6+0-b2043.56-10027231, mixed mode, tiered, compressed oops, compressed class ptrs, g1 gc, windows-amd64)
GC Precious Log:
 CPUs: 8 total, 8 available
 Memory: 16341M
 Large Page Support: Disabled
 NUMA Support: Disabled
 Compressed Oops: Enabled (32-bit)
 Heap Region Size: 1M
 Heap Min Capacity: 8M
 Heap Initial Capacity: 256M
 Heap Max Capacity: 2G
 Pre-touch: Disabled
 Parallel Workers: 8
 Concurrent Workers: 2
 Concurrent Refinement Workers: 8
 Periodic GC: Disabled
Heap:
 garbage-first heap   total 262144K, used 139791K [0x0000000080000000, 0x0000000100000000)
  region size 1024K, 5 young (5120K), 5 survivors (5120K)
 Metaspace       used 122502K, committed 123328K, reserved 536576K
  class space    used 15917K, committed 16256K, reserved 421888K
GC Heap History (20 events):
Event: 219.986 GC heap after
{Heap after GC invocations=53 (full 0):
 garbage-first heap   total 235520K, used 104596K [0x0000000080000000, 0x0000000100000000)
  region size 1024K, 15 young (15360K), 15 survivors (15360K)
 Metaspace       used 79025K, committed 79744K, reserved 495616K
  class space    used 10812K, committed 11136K, reserved 421888K
}
Event: 220.860 GC heap before
{Heap before GC invocations=53 (full 0):
 garbage-first heap   total 235520K, used 173204K [0x0000000080000000, 0x0000000100000000)
  region size 1024K, 77 young (78848K), 15 survivors (15360K)
 Metaspace       used 87241K, committed 88000K, reserved 503808K
  class space    used 11624K, committed 11968K, reserved 421888K
}
Event: 220.876 GC heap after
{Heap after GC invocations=54 (full 0):
 garbage-first heap   total 235520K, used 117917K [0x0000000080000000, 0x0000000100000000)
  region size 1024K, 7 young (7168K), 7 survivors (7168K)
 Metaspace       used 87241K, committed 88000K, reserved 503808K
  class space    used 11624K, committed 11968K, reserved 421888K
}
Event: 222.187 GC heap before
{Heap before GC invocations=55 (full 0):
 garbage-first heap   total 235520K, used 190621K [0x0000000080000000, 0x0000000100000000)
  region size 1024K, 80 young (81920K), 7 survivors (7168K)
 Metaspace       used 95765K, committed 96512K, reserved 512000K
  class space    used 12692K, committed 12992K, reserved 421888K
}
Event: 222.195 GC heap after
{Heap after GC invocations=56 (full 0):
 garbage-first heap   total 235520K, used 121012K [0x0000000080000000, 0x0000000100000000)
  region size 1024K, 7 young (7168K), 7 survivors (7168K)
 Metaspace       used 95765K, committed 96512K, reserved 512000K
  class space    used 12692K, committed 12992K, reserved 421888K
}
Event: 222.210 GC heap before
{Heap before GC invocations=56 (full 0):
 garbage-first heap   total 235520K, used 125108K [0x0000000080000000, 0x0000000100000000)
  region size 1024K, 11 young (11264K), 7 survivors (7168K)
 Metaspace       used 95778K, committed 96512K, reserved 512000K
  class space    used 12692K, committed 12992K, reserved 421888K
}
Event: 222.215 GC heap after
{Heap after GC invocations=57 (full 0):
 garbage-first heap   total 235520K, used 121341K [0x0000000080000000, 0x0000000100000000)
  region size 1024K, 2 young (2048K), 2 survivors (2048K)
 Metaspace       used 95778K, committed 96512K, reserved 512000K
  class space    used 12692K, committed 12992K, reserved 421888K
}
Event: 223.121 GC heap before
{Heap before GC invocations=57 (full 0):
 garbage-first heap   total 235520K, used 191997K [0x0000000080000000, 0x0000000100000000)
  region size 1024K, 71 young (72704K), 2 survivors (2048K)
 Metaspace       used 99535K, committed 100288K, reserved 512000K
  class space    used 13104K, committed 13440K, reserved 421888K
}
Event: 223.129 GC heap after
{Heap after GC invocations=58 (full 0):
 garbage-first heap   total 235520K, used 125957K [0x0000000080000000, 0x0000000100000000)
  region size 1024K, 7 young (7168K), 7 survivors (7168K)
 Metaspace       used 99535K, committed 100288K, reserved 512000K
  class space    used 13104K, committed 13440K, reserved 421888K
}
Event: 224.180 GC heap before
{Heap before GC invocations=59 (full 0):
 garbage-first heap   total 235520K, used 193541K [0x0000000080000000, 0x0000000100000000)
  region size 1024K, 73 young (74752K), 7 survivors (7168K)
 Metaspace       used 107696K, committed 108416K, reserved 520192K
  class space    used 14086K, committed 14400K, reserved 421888K
}
Event: 224.188 GC heap after
{Heap after GC invocations=60 (full 0):
 garbage-first heap   total 235520K, used 130161K [0x0000000080000000, 0x0000000100000000)
  region size 1024K, 9 young (9216K), 9 survivors (9216K)
 Metaspace       used 107696K, committed 108416K, reserved 520192K
  class space    used 14086K, committed 14400K, reserved 421888K
}
Event: 224.208 GC heap before
{Heap before GC invocations=60 (full 0):
 garbage-first heap   total 235520K, used 131185K [0x0000000080000000, 0x0000000100000000)
  region size 1024K, 11 young (11264K), 9 survivors (9216K)
 Metaspace       used 107838K, committed 108544K, reserved 520192K
  class space    used 14107K, committed 14400K, reserved 421888K
}
Event: 224.219 GC heap after
{Heap after GC invocations=61 (full 0):
 garbage-first heap   total 235520K, used 129504K [0x0000000080000000, 0x0000000100000000)
  region size 1024K, 1 young (1024K), 1 survivors (1024K)
 Metaspace       used 107838K, committed 108544K, reserved 520192K
  class space    used 14107K, committed 14400K, reserved 421888K
}
Event: 225.196 GC heap before
{Heap before GC invocations=61 (full 0):
 garbage-first heap   total 235520K, used 195040K [0x0000000080000000, 0x0000000100000000)
  region size 1024K, 65 young (66560K), 1 survivors (1024K)
 Metaspace       used 117425K, committed 118144K, reserved 528384K
  class space    used 15148K, committed 15424K, reserved 421888K
}
Event: 225.201 GC heap after
{Heap after GC invocations=62 (full 0):
 garbage-first heap   total 235520K, used 131402K [0x0000000080000000, 0x0000000100000000)
  region size 1024K, 3 young (3072K), 3 survivors (3072K)
 Metaspace       used 117425K, committed 118144K, reserved 528384K
  class space    used 15148K, committed 15424K, reserved 421888K
}
Event: 225.650 GC heap before
{Heap before GC invocations=63 (full 0):
 garbage-first heap   total 235520K, used 196938K [0x0000000080000000, 0x0000000100000000)
  region size 1024K, 67 young (68608K), 3 survivors (3072K)
 Metaspace       used 117758K, committed 118464K, reserved 528384K
  class space    used 15157K, committed 15424K, reserved 421888K
}
Event: 225.657 GC heap after
{Heap after GC invocations=64 (full 0):
 garbage-first heap   total 235520K, used 136852K [0x0000000080000000, 0x0000000100000000)
  region size 1024K, 9 young (9216K), 9 survivors (9216K)
 Metaspace       used 117758K, committed 118464K, reserved 528384K
  class space    used 15157K, committed 15424K, reserved 421888K
}
Event: 225.703 GC heap before
{Heap before GC invocations=64 (full 0):
 garbage-first heap   total 235520K, used 138900K [0x0000000080000000, 0x0000000100000000)
  region size 1024K, 11 young (11264K), 9 survivors (9216K)
 Metaspace       used 118033K, committed 118784K, reserved 528384K
  class space    used 15184K, committed 15488K, reserved 421888K
}
Event: 225.709 GC heap after
{Heap after GC invocations=65 (full 0):
 garbage-first heap   total 235520K, used 135949K [0x0000000080000000, 0x0000000100000000)
  region size 1024K, 2 young (2048K), 2 survivors (2048K)
 Metaspace       used 118033K, committed 118784K, reserved 528384K
  class space    used 15184K, committed 15488K, reserved 421888K
}
Event: 227.464 GC heap before
{Heap before GC invocations=65 (full 0):
 garbage-first heap   total 235520K, used 195341K [0x0000000080000000, 0x0000000100000000)
  region size 1024K, 60 young (61440K), 2 survivors (2048K)
 Metaspace       used 122502K, committed 123328K, reserved 536576K
  class space    used 15917K, committed 16256K, reserved 421888K
}

